<?xml version="1.0" encoding="UTF-8"?>
<testsuite name="ProductTest" tests="1" skipped="0" failures="0" errors="0" timestamp="2021-02-12T10:57:39" hostname="DESKTOP-ER24V91" time="0.555">
  <properties/>
  <testcase name="ProductPricingServiceTest" classname="ProductTest" time="0.555"/>
  <system-out><![CDATA[]]></system-out>
  <system-err><![CDATA[]]></system-err>
</testsuite>
